2025-07-18T20:20:40.342Z | GET | /stories/random | guest:3148ff0a-039b-4011-b001-a626b0216480
2025-07-18T20:20:41.481Z | GET | /stories/random | guest:cfd59282-2da9-4645-8ebd-04c6bcdbc1a5
2025-07-18T20:20:41.745Z | GET | /stories/random | guest:cfd59282-2da9-4645-8ebd-04c6bcdbc1a5
2025-07-18T20:20:41.778Z | GET | /stories/random | guest:57bf0e0e-e91c-4fa4-9c52-d9d9493a4de8
2025-07-18T20:20:41.807Z | GET | /stories/random | guest:5411c2d8-04b8-4097-9e30-5ffa85fe9ed4
2025-07-18T20:20:42.078Z | GET | /stories/6/liked | guest:5411c2d8-04b8-4097-9e30-5ffa85fe9ed4
2025-07-18T20:20:45.470Z | GET | /stories/random | guest:cfd59282-2da9-4645-8ebd-04c6bcdbc1a5
2025-07-18T20:20:47.040Z | GET | /users/me | guest:cfd59282-2da9-4645-8ebd-04c6bcdbc1a5
2025-07-18T20:20:47.353Z | POST | /stories/6/read | guest:5411c2d8-04b8-4097-9e30-5ffa85fe9ed4
2025-07-18T20:20:57.049Z | GET | /stories/random | guest:cfd59282-2da9-4645-8ebd-04c6bcdbc1a5
2025-07-18T20:20:58.518Z | GET | /users/me | guest:cfd59282-2da9-4645-8ebd-04c6bcdbc1a5
2025-07-18T20:22:41.351Z | GET | /stories/random | guest:3148ff0a-039b-4011-b001-a626b0216480
2025-07-18T20:22:42.465Z | GET | /stories/random | guest:cfd59282-2da9-4645-8ebd-04c6bcdbc1a5
2025-07-18T20:22:42.780Z | GET | /stories/random | guest:cfd59282-2da9-4645-8ebd-04c6bcdbc1a5
2025-07-18T20:22:52.980Z | GET | /stories/random | guest:cfd59282-2da9-4645-8ebd-04c6bcdbc1a5
2025-07-18T20:22:53.522Z | GET | /users/me | guest:cfd59282-2da9-4645-8ebd-04c6bcdbc1a5
2025-07-18T20:23:03.460Z | POST | /auth/login | guest:cfd59282-2da9-4645-8ebd-04c6bcdbc1a5
2025-07-18T20:25:45.432Z | GET | /stories/random | guest:cfd59282-2da9-4645-8ebd-04c6bcdbc1a5
2025-07-18T20:25:45.662Z | GET | /users/me | guest:cfd59282-2da9-4645-8ebd-04c6bcdbc1a5
2025-07-18T20:25:45.738Z | GET | /stories/1/liked | guest:cfd59282-2da9-4645-8ebd-04c6bcdbc1a5
2025-07-18T20:25:50.729Z | POST | /stories/1/read | guest:cfd59282-2da9-4645-8ebd-04c6bcdbc1a5
2025-07-18T20:27:12.345Z | GET | /users/me | guest:3148ff0a-039b-4011-b001-a626b0216480
2025-07-18T20:27:14.085Z | GET | /users/me | guest:cfd59282-2da9-4645-8ebd-04c6bcdbc1a5
2025-07-18T20:27:14.387Z | GET | /users/me | guest:cfd59282-2da9-4645-8ebd-04c6bcdbc1a5
